<?xml version="1.0" encoding="UTF-8"?>
<testsuite xmlns:xsi="http://www.w3.org/2001/XMLSchema-instance" xsi:noNamespaceSchemaLocation="https://maven.apache.org/surefire/maven-surefire-plugin/xsd/surefire-test-report-3.0.xsd" version="3.0" name="pl.first.sudoku.LanguageTest" time="0.002" tests="1" errors="0" skipped="0" failures="0">
  <properties>
    <property name="java.specification.version" value="17"/>
    <property name="sun.cpu.isalist" value="amd64"/>
    <property name="sun.jnu.encoding" value="Cp1250"/>
    <property name="java.class.path" value="D:\Kompo\ProgramowanieKomponentowe\Model\target\test-classes;D:\Programowanie Komponentowe\Maven_Repository\org\junit\jupiter\junit-jupiter-engine\5.7.2\junit-jupiter-engine-5.7.2.jar;D:\Programowanie Komponentowe\Maven_Repository\org\apiguardian\apiguardian-api\1.1.0\apiguardian-api-1.1.0.jar;D:\Programowanie Komponentowe\Maven_Repository\org\junit\platform\junit-platform-engine\1.7.2\junit-platform-engine-1.7.2.jar;D:\Programowanie Komponentowe\Maven_Repository\org\opentest4j\opentest4j\1.2.0\opentest4j-1.2.0.jar;D:\Programowanie Komponentowe\Maven_Repository\org\junit\platform\junit-platform-commons\1.7.2\junit-platform-commons-1.7.2.jar;D:\Programowanie Komponentowe\Maven_Repository\org\junit\jupiter\junit-jupiter-api\5.7.2\junit-jupiter-api-5.7.2.jar;D:\Programowanie Komponentowe\Maven_Repository\nl\jqno\equalsverifier\equalsverifier\3.7.2\equalsverifier-3.7.2.jar;D:\Programowanie Komponentowe\Maven_Repository\com\jparams\to-string-verifier\1.4.1\to-string-verifier-1.4.1.jar;D:\Programowanie Komponentowe\Maven_Repository\com\jparams\object-builder\1.0.9\object-builder-1.0.9.jar;D:\Programowanie Komponentowe\Maven_Repository\com\google\guava\failureaccess\1.0.1\failureaccess-1.0.1.jar;D:\Programowanie Komponentowe\Maven_Repository\com\google\guava\listenablefuture\9999.0-empty-to-avoid-conflict-with-guava\listenablefuture-9999.0-empty-to-avoid-conflict-with-guava.jar;D:\Programowanie Komponentowe\Maven_Repository\com\google\code\findbugs\jsr305\3.0.2\jsr305-3.0.2.jar;D:\Programowanie Komponentowe\Maven_Repository\org\checkerframework\checker-qual\3.12.0\checker-qual-3.12.0.jar;D:\Programowanie Komponentowe\Maven_Repository\com\google\errorprone\error_prone_annotations\2.7.1\error_prone_annotations-2.7.1.jar;D:\Programowanie Komponentowe\Maven_Repository\com\google\j2objc\j2objc-annotations\1.3\j2objc-annotations-1.3.jar;D:\Programowanie Komponentowe\Maven_Repository\ch\qos\logback\logback-core\1.2.10\logback-core-1.2.10.jar;D:\Programowanie Komponentowe\Maven_Repository\ch\qos\logback\logback-classic\1.2.10\logback-classic-1.2.10.jar;"/>
    <property name="java.vm.vendor" value="Oracle Corporation"/>
    <property name="sun.arch.data.model" value="64"/>
    <property name="user.variant" value=""/>
    <property name="java.vendor.url" value="https://java.oracle.com/"/>
    <property name="user.timezone" value="Europe/Warsaw"/>
    <property name="os.name" value="Windows 10"/>
    <property name="java.vm.specification.version" value="17"/>
    <property name="sun.java.launcher" value="SUN_STANDARD"/>
    <property name="user.country" value="PL"/>
    <property name="sun.boot.library.path" value="D:\Programowanie Komponentowe\jdk-17.0.1\bin"/>
    <property name="sun.java.command" value="org.apache.maven.surefire.booter.ForkedBooter C:\Users\Mateusz\AppData\Local\Temp\surefire6946320315681236703 2023-05-01T15-05-31_198-jvmRun1 surefire15728338162020085582tmp surefire_06567373489228152018tmp"/>
    <property name="jdk.debug" value="release"/>
    <property name="surefire.test.class.path" value="D:\Kompo\ProgramowanieKomponentowe\Model\target\test-classes;D:\Programowanie Komponentowe\Maven_Repository\org\junit\jupiter\junit-jupiter-engine\5.7.2\junit-jupiter-engine-5.7.2.jar;D:\Programowanie Komponentowe\Maven_Repository\org\apiguardian\apiguardian-api\1.1.0\apiguardian-api-1.1.0.jar;D:\Programowanie Komponentowe\Maven_Repository\org\junit\platform\junit-platform-engine\1.7.2\junit-platform-engine-1.7.2.jar;D:\Programowanie Komponentowe\Maven_Repository\org\opentest4j\opentest4j\1.2.0\opentest4j-1.2.0.jar;D:\Programowanie Komponentowe\Maven_Repository\org\junit\platform\junit-platform-commons\1.7.2\junit-platform-commons-1.7.2.jar;D:\Programowanie Komponentowe\Maven_Repository\org\junit\jupiter\junit-jupiter-api\5.7.2\junit-jupiter-api-5.7.2.jar;D:\Programowanie Komponentowe\Maven_Repository\nl\jqno\equalsverifier\equalsverifier\3.7.2\equalsverifier-3.7.2.jar;D:\Programowanie Komponentowe\Maven_Repository\com\jparams\to-string-verifier\1.4.1\to-string-verifier-1.4.1.jar;D:\Programowanie Komponentowe\Maven_Repository\com\jparams\object-builder\1.0.9\object-builder-1.0.9.jar;D:\Programowanie Komponentowe\Maven_Repository\com\google\guava\failureaccess\1.0.1\failureaccess-1.0.1.jar;D:\Programowanie Komponentowe\Maven_Repository\com\google\guava\listenablefuture\9999.0-empty-to-avoid-conflict-with-guava\listenablefuture-9999.0-empty-to-avoid-conflict-with-guava.jar;D:\Programowanie Komponentowe\Maven_Repository\com\google\code\findbugs\jsr305\3.0.2\jsr305-3.0.2.jar;D:\Programowanie Komponentowe\Maven_Repository\org\checkerframework\checker-qual\3.12.0\checker-qual-3.12.0.jar;D:\Programowanie Komponentowe\Maven_Repository\com\google\errorprone\error_prone_annotations\2.7.1\error_prone_annotations-2.7.1.jar;D:\Programowanie Komponentowe\Maven_Repository\com\google\j2objc\j2objc-annotations\1.3\j2objc-annotations-1.3.jar;D:\Programowanie Komponentowe\Maven_Repository\ch\qos\logback\logback-core\1.2.10\logback-core-1.2.10.jar;D:\Programowanie Komponentowe\Maven_Repository\ch\qos\logback\logback-classic\1.2.10\logback-classic-1.2.10.jar;"/>
    <property name="sun.cpu.endian" value="little"/>
    <property name="user.home" value="C:\Users\Mateusz"/>
    <property name="user.language" value="pl"/>
    <property name="java.specification.vendor" value="Oracle Corporation"/>
    <property name="jdk.module.path" value="D:\Kompo\ProgramowanieKomponentowe\Model\target\classes;D:\Programowanie Komponentowe\Maven_Repository\org\jetbrains\annotations\22.0.0\annotations-22.0.0.jar;D:\Programowanie Komponentowe\Maven_Repository\org\apache\commons\commons-lang3\3.12.0\commons-lang3-3.12.0.jar;D:\Programowanie Komponentowe\Maven_Repository\com\google\guava\guava\31.0.1-jre\guava-31.0.1-jre.jar;D:\Programowanie Komponentowe\Maven_Repository\org\slf4j\slf4j-api\1.7.32\slf4j-api-1.7.32.jar;D:\Programowanie Komponentowe\Maven_Repository\org\xerial\sqlite-jdbc\3.36.0.3\sqlite-jdbc-3.36.0.3.jar"/>
    <property name="java.version.date" value="2021-10-19"/>
    <property name="java.home" value="D:\Programowanie Komponentowe\jdk-17.0.1"/>
    <property name="file.separator" value="\"/>
    <property name="basedir" value="D:\Kompo\ProgramowanieKomponentowe\Model"/>
    <property name="java.vm.compressedOopsMode" value="Zero based"/>
    <property name="line.separator" value="&#10;"/>
    <property name="java.vm.specification.vendor" value="Oracle Corporation"/>
    <property name="java.specification.name" value="Java Platform API Specification"/>
    <property name="surefire.real.class.path" value="D:\Programowanie Komponentowe\Maven_Repository\org\apache\maven\surefire\surefire-booter\3.0.0-M5\surefire-booter-3.0.0-M5.jar;D:\Programowanie Komponentowe\Maven_Repository\org\apache\maven\surefire\surefire-api\3.0.0-M5\surefire-api-3.0.0-M5.jar;D:\Programowanie Komponentowe\Maven_Repository\org\apache\maven\surefire\surefire-logger-api\3.0.0-M5\surefire-logger-api-3.0.0-M5.jar;D:\Programowanie Komponentowe\Maven_Repository\org\apache\maven\surefire\surefire-shared-utils\3.0.0-M4\surefire-shared-utils-3.0.0-M4.jar;D:\Programowanie Komponentowe\Maven_Repository\org\apache\maven\surefire\surefire-extensions-spi\3.0.0-M5\surefire-extensions-spi-3.0.0-M5.jar;D:\Kompo\ProgramowanieKomponentowe\Model\target\test-classes;D:\Programowanie Komponentowe\Maven_Repository\org\junit\jupiter\junit-jupiter-engine\5.7.2\junit-jupiter-engine-5.7.2.jar;D:\Programowanie Komponentowe\Maven_Repository\org\apiguardian\apiguardian-api\1.1.0\apiguardian-api-1.1.0.jar;D:\Programowanie Komponentowe\Maven_Repository\org\junit\platform\junit-platform-engine\1.7.2\junit-platform-engine-1.7.2.jar;D:\Programowanie Komponentowe\Maven_Repository\org\opentest4j\opentest4j\1.2.0\opentest4j-1.2.0.jar;D:\Programowanie Komponentowe\Maven_Repository\org\junit\platform\junit-platform-commons\1.7.2\junit-platform-commons-1.7.2.jar;D:\Programowanie Komponentowe\Maven_Repository\org\junit\jupiter\junit-jupiter-api\5.7.2\junit-jupiter-api-5.7.2.jar;D:\Programowanie Komponentowe\Maven_Repository\nl\jqno\equalsverifier\equalsverifier\3.7.2\equalsverifier-3.7.2.jar;D:\Programowanie Komponentowe\Maven_Repository\com\jparams\to-string-verifier\1.4.1\to-string-verifier-1.4.1.jar;D:\Programowanie Komponentowe\Maven_Repository\com\jparams\object-builder\1.0.9\object-builder-1.0.9.jar;D:\Programowanie Komponentowe\Maven_Repository\com\google\guava\failureaccess\1.0.1\failureaccess-1.0.1.jar;D:\Programowanie Komponentowe\Maven_Repository\com\google\guava\listenablefuture\9999.0-empty-to-avoid-conflict-with-guava\listenablefuture-9999.0-empty-to-avoid-conflict-with-guava.jar;D:\Programowanie Komponentowe\Maven_Repository\com\google\code\findbugs\jsr305\3.0.2\jsr305-3.0.2.jar;D:\Programowanie Komponentowe\Maven_Repository\org\checkerframework\checker-qual\3.12.0\checker-qual-3.12.0.jar;D:\Programowanie Komponentowe\Maven_Repository\com\google\errorprone\error_prone_annotations\2.7.1\error_prone_annotations-2.7.1.jar;D:\Programowanie Komponentowe\Maven_Repository\com\google\j2objc\j2objc-annotations\1.3\j2objc-annotations-1.3.jar;D:\Programowanie Komponentowe\Maven_Repository\ch\qos\logback\logback-core\1.2.10\logback-core-1.2.10.jar;D:\Programowanie Komponentowe\Maven_Repository\ch\qos\logback\logback-classic\1.2.10\logback-classic-1.2.10.jar;D:\Programowanie Komponentowe\Maven_Repository\org\apache\maven\surefire\surefire-junit-platform\3.0.0-M5\surefire-junit-platform-3.0.0-M5.jar;D:\Programowanie Komponentowe\Maven_Repository\org\apache\maven\surefire\common-java5\3.0.0-M5\common-java5-3.0.0-M5.jar;D:\Programowanie Komponentowe\Maven_Repository\org\junit\platform\junit-platform-launcher\1.7.2\junit-platform-launcher-1.7.2.jar"/>
    <property name="user.script" value=""/>
    <property name="sun.management.compiler" value="HotSpot 64-Bit Tiered Compilers"/>
    <property name="java.runtime.version" value="17.0.1+12-39"/>
    <property name="user.name" value="Mateusz"/>
    <property name="path.separator" value=";"/>
    <property name="os.version" value="10.0"/>
    <property name="java.runtime.name" value="OpenJDK Runtime Environment"/>
    <property name="file.encoding" value="Cp1250"/>
    <property name="java.vm.name" value="OpenJDK 64-Bit Server VM"/>
    <property name="localRepository" value="D:\Programowanie Komponentowe\Maven_Repository"/>
    <property name="java.vendor.url.bug" value="https://bugreport.java.com/bugreport/"/>
    <property name="java.io.tmpdir" value="C:\Users\Mateusz\AppData\Local\Temp\"/>
    <property name="java.version" value="17.0.1"/>
    <property name="user.dir" value="D:\Kompo\ProgramowanieKomponentowe\Model"/>
    <property name="os.arch" value="amd64"/>
    <property name="java.vm.specification.name" value="Java Virtual Machine Specification"/>
    <property name="sun.os.patch.level" value=""/>
    <property name="native.encoding" value="Cp1250"/>
    <property name="java.library.path" value="D:\Programowanie Komponentowe\jdk-17.0.1\bin;C:\Windows\Sun\Java\bin;C:\Windows\system32;C:\Windows;C:\Python311\Scripts\;C:\Python311\;C:\Users\Mateusz\AppData\Local\Programs\Python\Python310\Scripts\;C:\Users\Mateusz\AppData\Local\Programs\Python\Python310\;C:\Program Files\Common Files\Oracle\Java\javapath;C:\Program Files (x86)\Common Files\Oracle\Java\javapath;C:\Program Files (x86)\Common Files\Intel\Shared Libraries\redist\intel64\compiler;C:\Windows\system32;C:\Windows;C:\Windows\System32\Wbem;C:\Windows\System32\WindowsPowerShell\v1.0\;C:\Windows\System32\OpenSSH\;C:\Program Files\dotnet\;D:\Programowanie Komponentowe\jdk-17.0.1\bin;D:\Programowanie Komponentowe\apache-maven-3.8.3\bin;D:\Programowanie Komponentowe\msys64\usr\bin;C:\Program Files\Azure Data Studio\bin;C:\Program Files\Go\bin;C:\ProgramData\chocolatey\bin;C:\Program Files\Docker\Docker\resources\bin;C:\Program Files\Git\cmd;C:\Program Files\nodejs\;C:\Users\Mateusz\AppData\Local\Microsoft\WindowsApps;C:\Program Files\Azure Data Studio\bin;C:\Users\Mateusz\.dotnet\tools;C:\Program Files\JetBrains\CLion 2022.1.1\bin;;C:\Users\Mateusz\go\bin;C:\Users\Mateusz\AppData\Local\Programs\Microsoft VS Code\bin;C:\Program Files\JetBrains\IntelliJ IDEA 2023.1\bin;;C:\Users\Mateusz\AppData\Roaming\npm;."/>
    <property name="java.vm.info" value="mixed mode"/>
    <property name="java.vendor" value="Oracle Corporation"/>
    <property name="java.vm.version" value="17.0.1+12-39"/>
    <property name="sun.io.unicode.encoding" value="UnicodeLittle"/>
    <property name="java.class.version" value="61.0"/>
  </properties>
  <testcase name="language" classname="pl.first.sudoku.LanguageTest" time="0.001"/>
</testsuite>